<?xml version="1.0" encoding="UTF-8"?>
<testsuite xmlns:xsi="http://www.w3.org/2001/XMLSchema-instance" xsi:noNamespaceSchemaLocation="https://maven.apache.org/surefire/maven-surefire-plugin/xsd/surefire-test-report.xsd" version="3.0.2" name="bgu.spl.mics.MessageBusImplTest" time="0.02" tests="7" errors="0" skipped="0" failures="0">
  <properties>
[...]
</properties>
  <testcase name="sendBroadcast" classname="bgu.spl.mics.MessageBusImplTest" time="0.0"/>
  <testcase name="register" classname="bgu.spl.mics.MessageBusImplTest" time="0.0">
    <system-out><![CDATA[Service registered successfully: CameraService_1
]]></system-out>
  </testcase>
  <testcase name="complete" classname="bgu.spl.mics.MessageBusImplTest" time="0.0"/>
  <testcase name="sendEvent" classname="bgu.spl.mics.MessageBusImplTest" time="0.0"/>
  <testcase name="subscribeBroadcast" classname="bgu.spl.mics.MessageBusImplTest" time="0.0"/>
  <testcase name="unregister" classname="bgu.spl.mics.MessageBusImplTest" time="0.0"/>
  <testcase name="subscribeEvent" classname="bgu.spl.mics.MessageBusImplTest" time="0.005"/>
</testsuite>